{
  "RSpec": {
    "coverage": {
      "/Users/matissemallette/Desktop/turing_work/3mod/projects/lunch-and-learn/app/models/user.rb": {
        "lines": [
          1,
          1,
          1,
          null,
          1,
          8,
          null,
          null
        ]
      },
      "/Users/matissemallette/Desktop/turing_work/3mod/projects/lunch-and-learn/app/models/application_record.rb": {
        "lines": [
          1,
          1,
          null
        ]
      }
    },
    "timestamp": 1678135955
  }
}
